<?xml version="1.0" encoding="UTF-8"?>
<testng-results ignored="0" total="1" passed="1" failed="0" skipped="0">
  <reporter-output>
  </reporter-output>
  <suite started-at="2025-05-05T17:37:24 IST" name="Default suite" finished-at="2025-05-05T17:38:07 IST" duration-ms="42590">
    <groups>
    </groups>
    <test started-at="2025-05-05T17:37:24 IST" name="Default test" finished-at="2025-05-05T17:38:07 IST" duration-ms="42590">
      <class name="tests.MainTestN">
        <test-method is-config="true" signature="ReportSetup()[pri:0, instance:tests.MainTestN@27e47833]" started-at="2025-05-05T17:37:24 IST" name="ReportSetup" finished-at="2025-05-05T17:37:24 IST" duration-ms="310" status="PASS">
          <reporter-output>
          </reporter-output>
        </test-method> <!-- ReportSetup -->
        <test-method is-config="true" signature="BrowserSetup(java.lang.reflect.Method)[pri:0, instance:tests.MainTestN@27e47833]" started-at="2025-05-05T17:37:24 IST" name="BrowserSetup" finished-at="2025-05-05T17:37:35 IST" duration-ms="10505" status="PASS">
          <params>
            <param index="0">
              <value>
                <![CDATA[public void tests.MainTestN.Onboard_Emp() throws java.lang.Exception]]>
              </value>
            </param>
          </params>
          <reporter-output>
          </reporter-output>
        </test-method> <!-- BrowserSetup -->
        <test-method signature="Onboard_Emp()[pri:1, instance:tests.MainTestN@27e47833]" started-at="2025-05-05T17:37:35 IST" name="Onboard_Emp" finished-at="2025-05-05T17:37:59 IST" duration-ms="23875" status="PASS">
          <reporter-output>
          </reporter-output>
        </test-method> <!-- Onboard_Emp -->
        <test-method is-config="true" signature="TestResult_BrowserClose(org.testng.ITestResult)[pri:0, instance:tests.MainTestN@27e47833]" started-at="2025-05-05T17:37:59 IST" name="TestResult_BrowserClose" finished-at="2025-05-05T17:38:07 IST" duration-ms="8174" status="PASS">
          <params>
            <param index="0">
              <value>
                <![CDATA[[TestResult name=Onboard_Emp status=SUCCESS method=MainTestN.Onboard_Emp()[pri:1, instance:tests.MainTestN@27e47833] output={null}]]]>
              </value>
            </param>
          </params>
          <reporter-output>
          </reporter-output>
        </test-method> <!-- TestResult_BrowserClose -->
        <test-method is-config="true" signature="ReportClose()[pri:0, instance:tests.MainTestN@27e47833]" started-at="2025-05-05T17:38:07 IST" name="ReportClose" finished-at="2025-05-05T17:38:07 IST" duration-ms="251" status="PASS">
          <reporter-output>
          </reporter-output>
        </test-method> <!-- ReportClose -->
      </class> <!-- tests.MainTestN -->
    </test> <!-- Default test -->
  </suite> <!-- Default suite -->
</testng-results>
