<?xml version="1.0" encoding="UTF-8"?>
<testng-results ignored="0" total="0" passed="0" failed="0" skipped="0">
  <reporter-output>
  </reporter-output>
  <suite started-at="2025-06-02T14:08:07 IST" name="HRMSParallelSuite" finished-at="2025-06-02T14:08:07 IST" duration-ms="10">
    <groups>
    </groups>
    <test started-at="2025-06-02T14:08:07 IST" name="User2" finished-at="2025-06-02T14:08:07 IST" duration-ms="10">
      <class name="tests.MainTestMultiUser">
        <test-method is-config="true" signature="ReportSetup()[pri:0, instance:tests.MainTestMultiUser@658c5a19]" started-at="2025-06-02T14:08:07 IST" name="ReportSetup" finished-at="2025-06-02T14:08:07 IST" duration-ms="374" status="PASS">
          <reporter-output>
          </reporter-output>
        </test-method> <!-- ReportSetup -->
        <test-method is-config="true" signature="ReportClose()[pri:0, instance:tests.MainTestMultiUser@658c5a19]" started-at="2025-06-02T14:08:08 IST" name="ReportClose" finished-at="2025-06-02T14:08:08 IST" duration-ms="297" status="PASS">
          <reporter-output>
          </reporter-output>
        </test-method> <!-- ReportClose -->
      </class> <!-- tests.MainTestMultiUser -->
    </test> <!-- User2 -->
    <test started-at="2025-06-02T14:08:07 IST" name="User1" finished-at="2025-06-02T14:08:07 IST" duration-ms="10">
    </test> <!-- User1 -->
  </suite> <!-- HRMSParallelSuite -->
</testng-results>
