<?xml version="1.0" encoding="UTF-8"?>
<testng-results ignored="0" total="1" passed="1" failed="0" skipped="0">
  <reporter-output>
  </reporter-output>
  <suite started-at="2025-05-05T16:31:56 IST" name="Default suite" finished-at="2025-05-05T16:32:17 IST" duration-ms="20532">
    <groups>
    </groups>
    <test started-at="2025-05-05T16:31:56 IST" name="Default test" finished-at="2025-05-05T16:32:17 IST" duration-ms="20532">
      <class name="testcase_hrms.Hrms_Onboard_Page_Test">
        <test-method is-config="true" signature="ReportSetup()[pri:0, instance:testcase_hrms.Hrms_Onboard_Page_Test@6e9a5ed8]" started-at="2025-05-05T16:31:56 IST" name="ReportSetup" finished-at="2025-05-05T16:31:56 IST" duration-ms="209" status="PASS">
          <reporter-output>
          </reporter-output>
        </test-method> <!-- ReportSetup -->
        <test-method is-config="true" signature="BrowserSetup(java.lang.reflect.Method)[pri:0, instance:testcase_hrms.Hrms_Onboard_Page_Test@6e9a5ed8]" started-at="2025-05-05T16:31:56 IST" name="BrowserSetup" finished-at="2025-05-05T16:32:02 IST" duration-ms="5417" status="PASS">
          <params>
            <param index="0">
              <value>
                <![CDATA[public void testcase_hrms.Hrms_Onboard_Page_Test.Dashboard_Page() throws java.lang.InterruptedException]]>
              </value>
            </param>
          </params>
          <reporter-output>
          </reporter-output>
        </test-method> <!-- BrowserSetup -->
        <test-method signature="Dashboard_Page()[pri:1, instance:testcase_hrms.Hrms_Onboard_Page_Test@6e9a5ed8]" started-at="2025-05-05T16:32:02 IST" name="Dashboard_Page" finished-at="2025-05-05T16:32:08 IST" duration-ms="6908" status="PASS">
          <reporter-output>
          </reporter-output>
        </test-method> <!-- Dashboard_Page -->
        <test-method is-config="true" signature="TestResult_BrowserClose(org.testng.ITestResult)[pri:0, instance:testcase_hrms.Hrms_Onboard_Page_Test@6e9a5ed8]" started-at="2025-05-05T16:32:08 IST" name="TestResult_BrowserClose" finished-at="2025-05-05T16:32:17 IST" duration-ms="8175" status="PASS">
          <params>
            <param index="0">
              <value>
                <![CDATA[[TestResult name=Dashboard_Page status=SUCCESS method=Hrms_Onboard_Page_Test.Dashboard_Page()[pri:1, instance:testcase_hrms.Hrms_Onboard_Page_Test@6e9a5ed8] output={null}]]]>
              </value>
            </param>
          </params>
          <reporter-output>
          </reporter-output>
        </test-method> <!-- TestResult_BrowserClose -->
        <test-method is-config="true" signature="ReportClose()[pri:0, instance:testcase_hrms.Hrms_Onboard_Page_Test@6e9a5ed8]" started-at="2025-05-05T16:32:17 IST" name="ReportClose" finished-at="2025-05-05T16:32:17 IST" duration-ms="255" status="PASS">
          <reporter-output>
          </reporter-output>
        </test-method> <!-- ReportClose -->
      </class> <!-- testcase_hrms.Hrms_Onboard_Page_Test -->
    </test> <!-- Default test -->
  </suite> <!-- Default suite -->
</testng-results>
